Log file open, 11/08/18 15:01:17
LogInit:Display: Running engine for game: BattleTank
LogPlatformFile: Not using cached read wrapper
LogInit:Display: RandInit(-1266979957) SRandInit(-1266979957).
LogTaskGraph: Started task graph with 5 named threads and 8 total threads with 1 sets of task threads.
LogStats: Stats thread started at 0.105015
LogInit: Using libcurl 7.47.1
LogInit:  - built for x86_64-pc-win32
LogInit:  - supports SSL with OpenSSL/1.0.2g
LogInit:  - supports HTTP deflate (compression) using libz 1.2.8
LogInit:  - other features:
LogInit:      CURL_VERSION_SSL
LogInit:      CURL_VERSION_LIBZ
LogInit:      CURL_VERSION_IPV6
LogInit:      CURL_VERSION_ASYNCHDNS
LogInit:      CURL_VERSION_LARGEFILE
LogInit:      CURL_VERSION_IDN
LogInit:  CurlRequestOptions (configurable via config and command line):
LogInit:  - bVerifyPeer = false  - Libcurl will NOT verify peer certificate
LogInit:  - bUseHttpProxy = false  - Libcurl will NOT use HTTP proxy
LogInit:  - bDontReuseConnections = false  - Libcurl will reuse connections
LogInit:  - CertBundlePath = nullptr  - Libcurl will use whatever was configured at build time.
LogInit: Build: ++UE4+Release-4.16-CL-3561208
LogInit: Engine Version: 4.16.3-3561208+++UE4+Release-4.16
LogInit: Compatible Engine Version: 4.16.0-3452394+++UE4+Release-4.16
LogInit: Net CL: 3452394
LogDevObjectVersion: Number of dev versions registered: 16
LogDevObjectVersion:   Dev-Blueprints (B0D832E4-1F89-4F0D-ACCF-7EB736FD4AA2): 9
LogDevObjectVersion:   Dev-Build (E1C64328-A22C-4D53-A36C-8E866417BD8C): 0
LogDevObjectVersion:   Dev-Core (375EC13C-06E4-48FB-B500-84F0262A717E): 2
LogDevObjectVersion:   Dev-Editor (E4B068ED-F494-42E9-A231-DA0B2E46BB41): 17
LogDevObjectVersion:   Dev-Framework (CFFC743F-43B0-4480-9391-14DF171D2073): 23
LogDevObjectVersion:   Dev-Mobile (B02B49B5-BB20-44E9-A304-32B752E40360): 0
LogDevObjectVersion:   Dev-Networking (A4E4105C-59A1-49B5-A7C5-40C4547EDFEE): 0
LogDevObjectVersion:   Dev-Online (39C831C9-5AE6-47DC-9A44-9C173E1C8E7C): 0
LogDevObjectVersion:   Dev-Physics (78F01B33-EBEA-4F98-B9B4-84EACCB95AA2): 0
LogDevObjectVersion:   Dev-Platform (6631380F-2D4D-43E0-8009-CF276956A95A): 0
LogDevObjectVersion:   Dev-Rendering (12F88B9F-8875-4AFC-A67C-D90C383ABD29): 15
LogDevObjectVersion:   Dev-Sequencer (7B5AE74C-D270-4C10-A958-57980B212A5A): 4
LogDevObjectVersion:   Dev-VR (D7296918-1DD6-4BDD-9DE2-64A83CC13884): 0
LogDevObjectVersion:   Dev-LoadTimes (C2A15278-BFE7-4AFE-6C17-90FF531DF755): 1
LogDevObjectVersion:   Private-Geometry (6EACA3D4-40EC-4CC1-B786-8BED09428FC5): 1
LogDevObjectVersion:   Dev-AnimPhys (29E575DD-E0A3-4627-9D10-D276232CDCEA): 3
LogInit: Compiled (64-bit): Jul 28 2017 11:49:47
LogInit: Compiled with Visual C++: 19.00.24215.01
LogInit: Build Configuration: Development
LogInit: Branch Name: ++UE4+Release-4.16
LogInit: Command line: -EpicPortal 
LogInit: Base directory: C:/Program Files/Epic Games/UE_4.16/Engine/Binaries/Win64/
LogInit: Installed Engine Build: 1
LogInit: Presizing for max 8388607 objects, including 0 objects not considered by GC, pre-allocating 0 bytes for permanent pool.
LogInit: Object subsystem initialized
[2018.11.08-19.01.17:979][  0]LogInit: Selected Device Profile: [Windows]
[2018.11.08-19.01.17:979][  0]LogInit: Applying CVar settings loaded from the selected device profile: [Windows]
[2018.11.08-19.01.17:986][  0]LogInit: Computer: CONJURE043957
[2018.11.08-19.01.17:986][  0]LogInit: User: club
[2018.11.08-19.01.17:986][  0]LogInit: CPU Page size=4096, Cores=4
[2018.11.08-19.01.17:986][  0]LogInit: High frequency timer resolution =3.410080 MHz
[2018.11.08-19.01.17:986][  0]LogMemory: Memory total: Physical=15.9GB (16GB approx)
[2018.11.08-19.01.17:986][  0]LogMemory: Platform Memory Stats for Windows
[2018.11.08-19.01.17:986][  0]LogMemory: Process Physical Memory: 272.97 MB used, 272.97 MB peak
[2018.11.08-19.01.17:987][  0]LogMemory: Process Virtual Memory: 263.29 MB used, 263.29 MB peak
[2018.11.08-19.01.17:987][  0]LogMemory: Physical Memory: 5978.02 MB used,  10292.91 MB free, 16270.92 MB total
[2018.11.08-19.01.17:987][  0]LogMemory: Virtual Memory: 641.57 MB used,  10292.91 MB free, 134217728.00 MB total
[2018.11.08-19.01.18:130][  0]LogInit: Using OS detected language (en-US).
[2018.11.08-19.01.18:130][  0]LogInit: Using OS detected locale (fr-CA).
[2018.11.08-19.01.18:135][  0]LogTextLocalizationManager: No specific localization for 'en-US' exists, so the 'en' localization will be used.
[2018.11.08-19.01.18:135][  0]LogTextLocalizationManager: No localization for 'fr-CA' exists, so 'en-US' will be used for the locale.
[2018.11.08-19.01.19:279][  0]LogD3D11RHI: D3D11 adapters:
[2018.11.08-19.01.19:332][  0]LogD3D11RHI:    0. 'NVIDIA GeForce GTX 770' (Feature Level 11_0)
[2018.11.08-19.01.19:332][  0]LogD3D11RHI:       2017/0/8135 MB DedicatedVideo/DedicatedSystem/SharedSystem, Outputs:1, VendorId:0x10de
[2018.11.08-19.01.19:339][  0]LogD3D11RHI:    1. 'Intel(R) HD Graphics 4600' (Feature Level 11_0)
[2018.11.08-19.01.19:339][  0]LogD3D11RHI:       112/0/2048 MB DedicatedVideo/DedicatedSystem/SharedSystem, Outputs:0, VendorId:0x8086
[2018.11.08-19.01.19:341][  0]LogD3D11RHI:    2. 'Microsoft Basic Render Driver' (Feature Level 11_0)
[2018.11.08-19.01.19:341][  0]LogD3D11RHI:       0/0/8135 MB DedicatedVideo/DedicatedSystem/SharedSystem, Outputs:0, VendorId:0x1414
[2018.11.08-19.01.19:341][  0]LogD3D11RHI: Chosen D3D11 Adapter: 0
[2018.11.08-19.01.19:345][  0]LogD3D11RHI: Creating new Direct3DDevice
[2018.11.08-19.01.19:345][  0]LogD3D11RHI:     GPU DeviceId: 0x1184 (for the marketing name, search the web for "GPU Device Id")
[2018.11.08-19.01.19:345][  0]LogWindows: EnumDisplayDevices:
[2018.11.08-19.01.19:345][  0]LogWindows:    0. 'NVIDIA GeForce GTX 770' (P:1 D:1)
[2018.11.08-19.01.19:345][  0]LogWindows:    1. 'NVIDIA GeForce GTX 770' (P:0 D:0)
[2018.11.08-19.01.19:345][  0]LogWindows:    2. 'NVIDIA GeForce GTX 770' (P:0 D:0)
[2018.11.08-19.01.19:346][  0]LogWindows:    3. 'NVIDIA GeForce GTX 770' (P:0 D:0)
[2018.11.08-19.01.19:346][  0]LogWindows:    4. 'Intel(R) HD Graphics 4600' (P:0 D:0)
[2018.11.08-19.01.19:346][  0]LogWindows:    5. 'Intel(R) HD Graphics 4600' (P:0 D:0)
[2018.11.08-19.01.19:346][  0]LogWindows:    6. 'Intel(R) HD Graphics 4600' (P:0 D:0)
[2018.11.08-19.01.19:346][  0]LogWindows: DebugString: PrimaryIsNotTheChoosenAdapter PrimaryIsNotTheChoosenAdapter PrimaryIsNotTheChoosenAdapter FoundDriverCount:4 
[2018.11.08-19.01.19:346][  0]LogD3D11RHI:     Adapter Name: NVIDIA GeForce GTX 770
[2018.11.08-19.01.19:346][  0]LogD3D11RHI:   Driver Version: 388.13 (internal:23.21.13.8813, unified:388.13)
[2018.11.08-19.01.19:346][  0]LogD3D11RHI:      Driver Date: 10-27-2017
[2018.11.08-19.01.19:346][  0]LogRHI: Texture pool is 1361 MB (70% of 1945 MB)
[2018.11.08-19.01.19:377][  0]LogD3D11RHI: Async texture creation enabled
[2018.11.08-19.01.19:393][  0]LogD3D11RHI: GPU Timing Frequency: 1000.000000 (Debug: 2 2)
[2018.11.08-19.01.19:394][  0]LogShaderCompilers: Guid format shader working directory is -30 characters bigger than the processId version (../../../../../../Users/club/Documents/Unreal Projects/TankTuto/BattleTank/Intermediate/Shaders/WorkingDirectory/11372/).
[2018.11.08-19.01.19:394][  0]LogShaderCompilers: Cleaned the shader compiler working directory 'C:/Users/club/AppData/Local/Temp/UnrealShaderWorkingDir/71A4B6964726915447428AA1C393FD8D/'.
[2018.11.08-19.01.19:394][  0]LogShaderCompilers:Display: Using Local Shader Compiler.
[2018.11.08-19.01.20:563][  0]LogTemp:Display: Loaded TP AllDesktopTargetPlatform
[2018.11.08-19.01.20:636][  0]LogTemp:Display: Loaded TP MacClientTargetPlatform
[2018.11.08-19.01.20:712][  0]LogTemp:Display: Loaded TP MacNoEditorTargetPlatform
[2018.11.08-19.01.20:789][  0]LogTemp:Display: Loaded TP MacServerTargetPlatform
[2018.11.08-19.01.20:863][  0]LogTemp:Display: Loaded TP MacTargetPlatform
[2018.11.08-19.01.20:942][  0]LogTemp:Display: Loaded TP WindowsClientTargetPlatform
[2018.11.08-19.01.21:024][  0]LogTemp:Display: Loaded TP WindowsNoEditorTargetPlatform
[2018.11.08-19.01.21:109][  0]LogTemp:Display: Loaded TP WindowsServerTargetPlatform
[2018.11.08-19.01.21:177][  0]LogTemp:Display: Loaded TP WindowsTargetPlatform
[2018.11.08-19.01.21:252][  0]LogTemp:Display: Loaded TP AndroidTargetPlatform
[2018.11.08-19.01.21:323][  0]LogTemp:Display: Loaded TP Android_ASTCTargetPlatform
[2018.11.08-19.01.21:404][  0]LogTemp:Display: Loaded TP Android_ATCTargetPlatform
[2018.11.08-19.01.21:487][  0]LogTemp:Display: Loaded TP Android_DXTTargetPlatform
[2018.11.08-19.01.21:562][  0]LogTemp:Display: Loaded TP Android_ETC1TargetPlatform
[2018.11.08-19.01.21:639][  0]LogTemp:Display: Loaded TP Android_ETC2TargetPlatform
[2018.11.08-19.01.21:784][  0]LogTemp:Display: Loaded TP Android_MultiTargetPlatform
[2018.11.08-19.01.21:784][  0]LogTemp:Display: Loaded TP Android_PVRTCTargetPlatform
[2018.11.08-19.01.21:845][  0]LogTemp:Display: Loaded TP HTML5TargetPlatform
[2018.11.08-19.01.21:977][  0]LogTemp:Display: Loaded TP IOSTargetPlatform
[2018.11.08-19.01.22:022][  0]LogTemp:Display: Loaded TP TVOSTargetPlatform
[2018.11.08-19.01.22:106][  0]LogTemp:Display: Loaded TP LinuxClientTargetPlatform
[2018.11.08-19.01.22:183][  0]LogTemp:Display: Loaded TP LinuxNoEditorTargetPlatform
[2018.11.08-19.01.22:257][  0]LogTemp:Display: Loaded TP LinuxServerTargetPlatform
[2018.11.08-19.01.22:331][  0]LogTemp:Display: Loaded TP LinuxTargetPlatform
[2018.11.08-19.01.22:331][  0]LogTargetPlatformManager:Display: Building Assets For Windows
[2018.11.08-19.01.23:065][  0]LogDerivedDataCache:Display: Max Cache Size: 512 MB
[2018.11.08-19.01.23:142][  0]LogDerivedDataCache: Loaded boot cache 0.08s 90MB C:/Users/club/AppData/Local/UnrealEngine/4.16/DerivedDataCache/Boot.ddc.
[2018.11.08-19.01.23:142][  0]LogDerivedDataCache:Display: Loaded Boot cache: C:/Users/club/AppData/Local/UnrealEngine/4.16/DerivedDataCache/Boot.ddc
[2018.11.08-19.01.23:142][  0]LogDerivedDataCache: FDerivedDataBackendGraph:  Pak pak cache file ../../../../../../Users/club/Documents/Unreal Projects/TankTuto/BattleTank/DerivedDataCache/DDC.ddp not found, will not use a pak cache.
[2018.11.08-19.01.23:142][  0]LogDerivedDataCache: Unable to find inner node Pak for hierarchical cache Hierarchy.
[2018.11.08-19.01.23:142][  0]LogDerivedDataCache: FDerivedDataBackendGraph:  CompressedPak pak cache file ../../../../../../Users/club/Documents/Unreal Projects/TankTuto/BattleTank/DerivedDataCache/Compressed.ddp not found, will not use a pak cache.
[2018.11.08-19.01.23:142][  0]LogDerivedDataCache: Unable to find inner node CompressedPak for hierarchical cache Hierarchy.
[2018.11.08-19.01.23:161][  0]LogDerivedDataCache:Display: Pak cache opened for reading ../../../Engine/DerivedDataCache/Compressed.ddp.
[2018.11.08-19.01.23:174][  0]LogDerivedDataCache: Using Local data cache path C:/Users/club/AppData/Local/UnrealEngine/Common/DerivedDataCache: Writable
[2018.11.08-19.01.23:183][  0]LogMaterial: Verifying Global Shaders for PCD3D_SM5
[2018.11.08-19.01.23:184][  0]LogSlate: Using Freetype 2.6.0
[2018.11.08-19.01.23:185][  0]LogSlate: SlateFontCache - WITH_FREETYPE: 1, WITH_HARFBUZZ: 1
[2018.11.08-19.01.23:185][  0]LogSlate: SlateFontCache - WITH_FREETYPE: 1, WITH_HARFBUZZ: 1
[2018.11.08-19.01.23:575][  0]LogInit: Selected Device Profile: [Windows]
[2018.11.08-19.01.23:648][  0]LogContentStreaming: Texture pool size is 0.00 MB
[2018.11.08-19.01.23:840][  0]LogMeshUtilities: Using QuadricMeshReduction for automatic static mesh reduction
[2018.11.08-19.01.23:937][  0]LogSimplygon: Simplygon DLL not present - disabling.
[2018.11.08-19.01.24:017][  0]LogMeshUtilities: Using SimplygonSwarm for distributed automatic mesh merging
[2018.11.08-19.01.24:017][  0]LogMeshUtilities: No automatic skeletal mesh reduction module available
[2018.11.08-19.01.24:017][  0]LogMeshUtilities: No automatic mesh merging module available
[2018.11.08-19.01.24:718][  0]LogNetVersion: BattleTank , NetCL: 3452394, EngineNetVer: 2, GameNetVer: 0 (Checksum: 4114001466)
[2018.11.08-19.01.24:790][  0]LogAssetRegistry: FAssetRegistry took 0.0248 seconds to start up
[2018.11.08-19.01.24:867][  0]LogPackageLocalizationCache: Processed 4 localized package path(s) for 2 prioritized culture(s) in 0.041074 seconds
[2018.11.08-19.01.24:873][  0]LogUObjectArray: 34194 objects as part of root set at end of initial load.
[2018.11.08-19.01.24:873][  0]LogUObjectAllocator: 7260424 out of 0 bytes used by permanent object pool.
[2018.11.08-19.01.24:873][  0]LogUObjectArray: CloseDisregardForGC: 0/0 objects in disregard for GC pool
[2018.11.08-19.01.24:991][  0]LogInit: WinSock: version 1.1 (2.2), MaxSocks=32767, MaxUdp=65467
[2018.11.08-19.01.28:638][  0]LogTcpMessaging: Initializing TcpMessaging bridge
[2018.11.08-19.01.28:694][  0]LogUdpMessaging: Initializing bridge on interface 0.0.0.0:0 to multicast group 230.0.0.1:6666.
[2018.11.08-19.01.29:601][  0]LogMaterial: Uniform references updated for custom material expression Custom.
[2018.11.08-19.01.30:220][  0]SourceControl: Info Source control is disabled
[2018.11.08-19.01.30:269][  0]SourceControl: Info Source control is disabled
[2018.11.08-19.01.30:349][  0]SourceControl: Info Source control is disabled
[2018.11.08-19.01.30:454][  0]SourceControl: Info Source control is disabled
[2018.11.08-19.01.31:569][  0]LogAndroidPermission: UAndroidPermissionCallbackProxy::GetInstance
[2018.11.08-19.01.32:595][  0]LogEngine: Initializing Engine...
[2018.11.08-19.01.32:596][  0]LogHMD: Failed to initialize OpenVR with code 110
[2018.11.08-19.01.32:792][  0]LogStats: UGameplayTagsManager::ConstructGameplayTagTree: Construct from data asset -  0.000 s
[2018.11.08-19.01.32:792][  0]LogStats: UGameplayTagsManager::ConstructGameplayTagTree: GameplayTagTreeChangedEvent.Broadcast -  0.000 s
[2018.11.08-19.01.33:010][  0]LogAIModule: Creating AISystem for world Untitled
[2018.11.08-19.01.33:025][  0]LogInit: XAudio2 using 'Speakers (Realtek High Definition Audio)' : 2 channels at 48 kHz using 32 bits per sample (channel mask 0x3)
[2018.11.08-19.01.33:042][  0]LogInit: FAudioDevice initialized.
[2018.11.08-19.01.33:092][  0]LogDerivedDataCache: Saved boot cache 0.05s 90MB C:/Users/club/AppData/Local/UnrealEngine/4.16/DerivedDataCache/Boot.ddc.
[2018.11.08-19.01.33:099][  0]LogInit: Texture streaming: Enabled
[2018.11.08-19.01.33:241][  0]LogEngineSessionManager: EngineSessionManager initialized
[2018.11.08-19.01.33:635][  0]LogInit: Transaction tracking system initialized
[2018.11.08-19.01.34:261][  0]BlueprintLog: New page: Editor Load
[2018.11.08-19.01.36:022][  0]LocalizationService: Info Localization service is disabled
[2018.11.08-19.01.37:267][  0]LogConsoleResponse:Display: 
[2018.11.08-19.01.37:428][  0]LogFileCache: Scanning file cache for directory 'C:/Users/club/Documents/Unreal Projects/TankTuto/BattleTank/Content/' took 0.01s
[2018.11.08-19.01.37:428][  0]LogCook:Display: Max memory allowance for cook 16384mb min free memory 0mb
[2018.11.08-19.01.37:428][  0]LogCook:Display: Mobile HDR setting 1
[2018.11.08-19.01.39:104][  0]SourceControl: Info Source control is disabled
[2018.11.08-19.01.39:104][  0]Cmd: MAP LOAD FILE="../../../Engine/Content/Maps/Templates/Template_Default.umap" TEMPLATE=1 SHOWPROGRESS=1 FEATURELEVEL=3
[2018.11.08-19.01.39:104][  0]LightingResults: New page: Lighting Build
[2018.11.08-19.01.39:169][  0]MapCheck: New page: Map Check
[2018.11.08-19.01.39:169][  0]LightingResults: New page: Lighting Build
[2018.11.08-19.01.39:373][  0]LogAIModule: Creating AISystem for world Untitled_1
[2018.11.08-19.01.39:373][  0]LogActorComponent: RegisterComponentWithWorld: (/Temp/Untitled_1.Untitled_1:PersistentLevel.WorldSettings_1.StaticMeshComponent0) Trying to register component with IsPendingKill() == true. Aborting.
[2018.11.08-19.01.39:378][  0]LogEditorServer: Finished looking for orphan Actors (0.000 secs)
[2018.11.08-19.01.39:396][  0]Cmd: MAP CHECKDEP NOCLEARLOG
[2018.11.08-19.01.39:488][  0]MapCheck: Info Map check complete: 0 Error(s), 0 Warning(s), took 92.02ms to complete.
[2018.11.08-19.01.39:488][  0]LogFileHelpers: Loading map 'Template_Default' took 0.384
[2018.11.08-19.01.39:546][  0]LogWindowsTextInputMethodSystem:Display: IME system now deactivated.
[2018.11.08-19.01.39:637][  0]LogCollectionManager: Loaded 0 collections in 0.001246 seconds
[2018.11.08-19.01.39:752][  0]LogFileCache: Scanning file cache for directory 'C:/Users/club/Documents/Unreal Projects/TankTuto/BattleTank/Saved/Collections/' took 0.01s
[2018.11.08-19.01.39:752][  0]LogFileCache: Scanning file cache for directory 'C:/Users/club/Documents/Unreal Projects/TankTuto/BattleTank/Content/Developers/club/Collections/' took 0.01s
[2018.11.08-19.01.39:752][  0]LogFileCache: Scanning file cache for directory 'C:/Users/club/Documents/Unreal Projects/TankTuto/BattleTank/Content/Collections/' took 0.01s
[2018.11.08-19.01.39:752][  0]LogCollectionManager: Rebuilt the GUID cache for 0 collections in 0.000002 seconds
[2018.11.08-19.01.39:761][  0]LogContentBrowser: Native class hierarchy populated in 0.0092 seconds. Added 2330 classes and 493 folders.
[2018.11.08-19.01.39:866][  0]LogContentBrowser: Native class hierarchy updated for 'WidgetCarousel' in 0.0023 seconds. Added 0 classes and 0 folders.
[2018.11.08-19.01.40:013][  0]LogContentBrowser: Native class hierarchy updated for 'AddContentDialog' in 0.0017 seconds. Added 0 classes and 0 folders.
[2018.11.08-19.01.40:105][  0]LogContentBrowser: Native class hierarchy updated for 'SceneOutliner' in 0.0017 seconds. Added 1 classes and 2 folders.
[2018.11.08-19.01.40:160][  0]LogCrashTracker: Crashtracker disabled due to settings.
[2018.11.08-19.01.41:125][  0]LogSlate: Only BGRA pngs, bmps or icos are supported in by External Image Picker
[2018.11.08-19.01.41:147][  0]LogSlate: Took 0.000403 seconds to synchronously load lazily loaded font '../../../Engine/Content/Slate/Fonts/Roboto-Regular.ttf' (155K)
[2018.11.08-19.01.41:151][  0]LogSlate: Took 0.000445 seconds to synchronously load lazily loaded font '../../../Engine/Content/Slate/Fonts/Roboto-Bold.ttf' (160K)
[2018.11.08-19.01.41:159][  0]LogSlate: Took 0.001265 seconds to synchronously load lazily loaded font '../../../Engine/Content/Editor/Slate/Fonts/FontAwesome.ttf' (139K)
[2018.11.08-19.01.41:280][  0]LogTemp: Executing iPhonePackager certificates Engine -bundlename com.YourCompany.BattleTank
[2018.11.08-19.01.41:280][  0]LogTemp: CWD: C:\Program Files\Epic Games\UE_4.16\Engine\Binaries\DotNET\IOS
[2018.11.08-19.01.41:280][  0]LogTemp: Initial Dir: C:\Program Files\Epic Games\UE_4.16
[2018.11.08-19.01.41:280][  0]LogTemp: Env CWD: C:\Program Files\Epic Games\UE_4.16\Engine\Binaries\DotNET\IOS
[2018.11.08-19.01.41:280][  0]LogTemp: BranchPath = CONJURE043957/C/Program Files/Epic Games/UE_4.16/Engine/Binaries --- GameBranchPath = CONJURE043957/C/Program Files/Epic Games/UE_4.16/Engine/Binaries
[2018.11.08-19.01.41:280][  0]LogTemp: IPP ERROR: Could not find provision directory 'C:\Users\club\AppData\Local/Apple Computer/MobileDevice/Provisioning Profiles/'.
[2018.11.08-19.01.41:280][  0]LogRenderer: Reallocating scene render targets to support 1208x576 NumSamples 1 (Frame:1).
[2018.11.08-19.01.41:443][  0]LogUObjectGlobals:Warning: Failed to find object 'Class None.'
[2018.11.08-19.01.41:534][  0]LogContentBrowser: Native class hierarchy updated for 'HierarchicalLODOutliner' in 0.0016 seconds. Added 1 classes and 2 folders.
[2018.11.08-19.01.41:535][  0]LogLoad: (Engine Initialization) Total time: 25.97 seconds
[2018.11.08-19.01.41:535][  0]LogLoad: (Engine Initialization) Total Blueprint compile time: 0.13 seconds
[2018.11.08-19.01.41:535][  0]LogExternalProfiler: Found external profiler: VSPerf
[2018.11.08-19.01.41:535][  0]LogExternalProfiler: Using external profiler: VSPerf
[2018.11.08-19.01.41:550][  0]LogOcInput: OculusInput pre-init called
[2018.11.08-19.01.41:550][  0]LogHMD: Starting GearVRController plugin
[2018.11.08-19.01.41:567][  0]LogAssetRegistry: Asset discovery search completed in 16.7985 seconds
[2018.11.08-19.01.41:569][  0]LogCollectionManager: Rebuilt the object cache for 0 collections in 0.000001 seconds (found 0 objects)
[2018.11.08-19.01.41:569][  0]LogCollectionManager: Fixed up redirectors for 0 collections in 0.000027 seconds (updated 0 objects)
[2018.11.08-19.01.41:570][  0]LogContentStreaming: Texture pool size now 1000 MB
[2018.11.08-19.01.41:610][  1]LogEditorViewport: Clicking on Actor (LMB): StaticMeshActor (Floor)
[2018.11.08-19.03.22:369][390]LogSlate: Took 0.000389 seconds to synchronously load lazily loaded font '../../../Engine/Content/Slate/Fonts/Roboto-Light.ttf' (159K)
[2018.11.08-19.03.22:726][390]Cmd: OBJ SAVEPACKAGE PACKAGE="/Game/BattleGround" FILE="../../../../../../Users/club/Documents/Unreal Projects/TankTuto/BattleTank/Content/BattleGround.umap" SILENT=true AUTOSAVING=false KEEPDIRTY=false
[2018.11.08-19.03.22:782][390]LogSavePackage: Save=36.99ms
[2018.11.08-19.03.22:782][390]LogSavePackage: Moving '../../../../../../Users/club/Documents/Unreal Projects/TankTuto/BattleTank/Saved/BattleGround174866564BF9D1B02870788CCAAD803F.tmp' to '../../../../../../Users/club/Documents/Unreal Projects/TankTuto/BattleTank/Content/BattleGround.umap'
[2018.11.08-19.03.22:784][390]LogSavePackage:Display: Finished SavePackage ../../../../../../Users/club/Documents/Unreal Projects/TankTuto/BattleTank/Content/BattleGround.umap
[2018.11.08-19.03.23:789][390]LogFileHelpers: Saving map 'BattleGround' took 1.552
[2018.11.08-19.03.23:791][390]Cmd: MAP LOAD FILE="../../../../../../Users/club/Documents/Unreal Projects/TankTuto/BattleTank/Content/BattleGround.umap" TEMPLATE=0 SHOWPROGRESS=1 FEATURELEVEL=3
[2018.11.08-19.03.23:799][390]LightingResults: New page: Lighting Build
[2018.11.08-19.03.23:801][390]LoadErrors: New page: Loading map: BattleGround.umap
[2018.11.08-19.03.23:803][390]MapCheck: New page: Map Check
[2018.11.08-19.03.23:803][390]LightingResults: New page: Lighting Build
[2018.11.08-19.03.23:846][390]LogAIModule: Creating AISystem for world BattleGround
[2018.11.08-19.03.23:869][390]LogEditorServer: Finished looking for orphan Actors (0.000 secs)
[2018.11.08-19.03.23:889][390]Cmd: MAP CHECKDEP NOCLEARLOG
[2018.11.08-19.03.23:984][390]MapCheck: Info Map check complete: 0 Error(s), 0 Warning(s), took 94.842ms to complete.
[2018.11.08-19.03.23:984][390]LogFileHelpers: Loading map 'BattleGround' took 0.195
[2018.11.08-19.03.24:037][393]LogSlate: Took 0.000311 seconds to synchronously load lazily loaded font '../../../Engine/Content/Slate/Fonts/Roboto-Light.ttf' (159K)
[2018.11.08-19.03.32:731][655]LogEditorViewport: Clicking on Actor (LMB): StaticMeshActor (Floor)
[2018.11.08-19.03.33:799][777]Cmd: DELETE
[2018.11.08-19.03.33:799][777]Cmd: ACTOR DELETE
[2018.11.08-19.03.33:824][777]LogEditorActor: Deleted Actor: StaticMeshActor
[2018.11.08-19.03.33:837][777]LogEditorActor: Deleted 1 Actors (0.034 secs)
[2018.11.08-19.04.21:475][219]LogContentBrowser: Native class hierarchy updated for 'WorldBrowser' in 0.0017 seconds. Added 1 classes and 3 folders.
[2018.11.08-19.04.47:422][270]LogMaterial: Missing cached shader map for material LayerVisMaterial, compiling. 
[2018.11.08-19.04.47:445][270]LogMaterial: Missing cached shader map for material SelectBrushMaterial, compiling. 
[2018.11.08-19.04.47:471][270]LogMaterial: Missing cached shader map for material SelectBrushMaterial, compiling. 
[2018.11.08-19.04.47:506][270]LogMaterial: Missing cached shader map for material MaskBrushMaterial, compiling. 
[2018.11.08-19.04.47:533][270]LogMaterial: Missing cached shader map for material LandscapeLayerUsageMaterial, compiling. 
[2018.11.08-19.04.47:571][270]LogMaterial: Missing cached shader map for material CircleBrushMaterial, compiling. 
[2018.11.08-19.04.47:596][270]LogMaterial: Missing cached shader map for material CircleBrushMaterial, compiling. 
[2018.11.08-19.04.47:619][270]LogMaterial: Missing cached shader map for material CircleBrushMaterial, compiling. 
[2018.11.08-19.04.47:652][270]LogMaterial: Missing cached shader map for material CircleBrushMaterial, compiling. 
[2018.11.08-19.04.47:687][270]LogMaterial: Missing cached shader map for material AlphaBrushMaterial, compiling. 
[2018.11.08-19.04.47:713][270]LogMaterial: Missing cached shader map for material CircleBrushMaterial, compiling. 
[2018.11.08-19.04.47:748][270]LogMaterial: Missing cached shader map for material MaskBrushMaterial, compiling. 
[2018.11.08-19.04.47:771][270]LogTexture:Display: Building textures: Texture2D_2 (G8, 128X128)
[2018.11.08-19.05.55:953][ 59]LogTexture:Display: Building textures: Texture2D_0 (BGRA8, 512X512)
[2018.11.08-19.05.55:974][ 59]LogMaterial: Missing cached shader map for material WorldGridMaterial, compiling. Is special engine material.
[2018.11.08-19.06.37:221][639]Cmd: DELETE
[2018.11.08-19.06.37:221][639]Cmd: ACTOR DELETE
[2018.11.08-19.06.37:222][639]LogEditorActor: Deleted Actor: Landscape
[2018.11.08-19.06.37:261][639]LogEditorActor: Deleted 1 Actors (0.040 secs)
[2018.11.08-19.06.42:797][296]LogTexture:Display: Building textures: Texture2D_3 (G8, 128X128)
